<?xml version="1.0" encoding="UTF-8"?>
<testsuite name="cl.jose.huenul.springboot.app.dto.test.TelefonoDTOTest" tests="3" skipped="0" failures="0" errors="0" timestamp="2020-08-27T04:38:52" hostname="DESKTOP-C3NMK7I" time="0.003">
  <properties/>
  <testcase name="Test para clase TelefonoDTO metodo getCityCode" classname="cl.jose.huenul.springboot.app.dto.test.TelefonoDTOTest" time="0.003"/>
  <testcase name="Test para clase TelefonoDTO metodo getCountryCode" classname="cl.jose.huenul.springboot.app.dto.test.TelefonoDTOTest" time="0.0"/>
  <testcase name="Test para clase TelefonoDTO metodo getNumber" classname="cl.jose.huenul.springboot.app.dto.test.TelefonoDTOTest" time="0.0"/>
  <system-out><![CDATA[]]></system-out>
  <system-err><![CDATA[]]></system-err>
</testsuite>
